-------------------------------------------------------------------------------
Test set: com.wunderit.projetcd.ProjetcdApplicationTests
-------------------------------------------------------------------------------
Tests run: 1, Failures: 0, Errors: 1, Skipped: 0, Time elapsed: 1.301 s <<< FAILURE! - in com.wunderit.projetcd.ProjetcdApplicationTests
contextLoads(com.wunderit.projetcd.ProjetcdApplicationTests)  Time elapsed: 0.001 s  <<< ERROR!
java.lang.IllegalStateException: Failed to load ApplicationContext
Caused by: org.springframework.beans.factory.BeanCreationException: Error creating bean with name 'loginController' defined in file [/home/adminl/ProjetCD-GRIM/target/classes/com/wunderit/projetcd/controller/LoginController.class]: Instantiation of bean failed; nested exception is org.springframework.beans.BeanInstantiationException: Failed to instantiate [com.wunderit.projetcd.controller.LoginController]: Constructor threw exception; nested exception is java.lang.IllegalArgumentException: The connection string contains an invalid host 'null:null'. The port 'null' is not a valid, it must be an integer between 0 and 65535
Caused by: org.springframework.beans.BeanInstantiationException: Failed to instantiate [com.wunderit.projetcd.controller.LoginController]: Constructor threw exception; nested exception is java.lang.IllegalArgumentException: The connection string contains an invalid host 'null:null'. The port 'null' is not a valid, it must be an integer between 0 and 65535
Caused by: java.lang.IllegalArgumentException: The connection string contains an invalid host 'null:null'. The port 'null' is not a valid, it must be an integer between 0 and 65535

